<?xml version="1.0" encoding="UTF-8"?>
<!-- Generated by org.testng.reporters.JUnitReportReporter -->
<testsuite hostname="LAPTOP-LEKBI2B9" failures="0" tests="1" name="TestCases.TC002_LoginTest" time="2.734" errors="0" timestamp="2025-04-06T01:04:12 IST" skipped="0">
  <testcase classname="TestCases.TC002_LoginTest" name="validlogin" time="2.734"/>
</testsuite> <!-- TestCases.TC002_LoginTest -->
