<?xml version="1.0" encoding="UTF-8"?>
<!-- Generated by org.testng.reporters.JUnitReportReporter -->
<testsuite hostname="LAPTOP-LEKBI2B9" failures="0" tests="1" name="TestCases.TC001_AccountRegistartionTest" time="5.545" errors="0" timestamp="2025-04-06T00:49:07 IST" skipped="0">
  <testcase classname="TestCases.TC001_AccountRegistartionTest" name="verify_Account_registration" time="5.545"/>
</testsuite> <!-- TestCases.TC001_AccountRegistartionTest -->
